<?xml version="1.0" encoding="UTF-8"?>
<!-- Generated by org.testng.reporters.JUnitXMLReporter -->
<testsuite hostname="DESKTOP-5CII570" ignored="0" name="Module2Test" tests="2" failures="1" timestamp="23 Apr 2020 05:26:31 GMT" time="97.356" errors="0">
  <testcase name="discoverAllModels" time="36.4" classname="bmw_scripts.BMWModule2DiscoverAllModels"/>
  <testcase name="needAnalyzer" time="23.363" classname="bmw_scripts.BMWModule2NeedAnalyzer">
    <failure type="java.lang.AssertionError" message="Not loading Need Analyzer page">
      <![CDATA[java.lang.AssertionError: Not loading Need Analyzer page
at bmw_methodlib.MethodLibrary.validateNeedAnalyzer(MethodLibrary.java:495)
at bmw_scripts.BMWModule2NeedAnalyzer.needAnalyzer(BMWModule2NeedAnalyzer.java:45)
... Removed 26 stack frames]]>
    </failure>
  </testcase> <!-- needAnalyzer -->
</testsuite> <!-- Module2Test -->
