<?xml version="1.0" encoding="UTF-8"?>
<!-- Generated by org.testng.reporters.JUnitXMLReporter -->
<testsuite hostname="DESKTOP-5CII570" ignored="0" name="ServicesTest" tests="11" failures="2" timestamp="23 Apr 2020 05:51:01 GMT" time="621.317" errors="0">
  <testcase name="testServicesTabs" time="121.799" classname="bmw_scripts.BMWModule5TestAllLinks"/>
  <testcase name="testJoyRewardsLink" time="5.069" classname="bmw_scripts.BMWModule5TestJoyRewardsLink"/>
  <testcase name="testRewardsRegistrationPages" time="20.96" classname="bmw_scripts.BMWModule5TestRewardsRegistrationPage"/>
  <testcase name="testMandatoryFieldValidation" time="54.569" classname="bmw_scripts.BMWModule5TestMandatoryFieldValidation"/>
  <testcase name="testNullValueValidation" time="24.991" classname="bmw_scripts.BMWModule5TestNullValueValidation"/>
  <testcase name="testCheckBoxValidation" time="21.727" classname="bmw_scripts.BMWModule5TestCheckBoxValidation">
    <failure type="java.lang.AssertionError" message="Assert failed for the joy rewards check box expected [true] but found [false]">
      <![CDATA[java.lang.AssertionError: Assert failed for the joy rewards check box expected [true] but found [false]
at bmw_methodlib.MethodLibrary.getAssert(MethodLibrary.java:2887)
at bmw_methodlib.MethodLibrary.getcheckBoxValidation(MethodLibrary.java:2010)
at bmw_scripts.BMWModule5TestCheckBoxValidation.testCheckBoxValidation(BMWModule5TestCheckBoxValidation.java:35)
... Removed 28 stack frames]]>
    </failure>
  </testcase> <!-- testCheckBoxValidation -->
  <testcase name="testCarCareProducts" time="46.684" classname="bmw_scripts.BMWModule5TestCarCareProducts"/>
  <testcase name="testLifestyleAndGadgets" time="29.106" classname="bmw_scripts.BMWModule5TestLifeStyleAndGadgets"/>
  <testcase name="testBRIPackageInvalidValue" time="13.035" classname="bmw_scripts.BMWModule5TestBRiInvalidValue"/>
  <testcase name="testBRIPackageNullValue" time="19.681" classname="bmw_scripts.BMWModule5TestBRINullValue"/>
  <testcase name="testBRIServices" time="21.736" classname="bmw_scripts.BMWModule5TestBRIServices">
    <failure type="java.lang.AssertionError" message="Wheel set page not found">
      <![CDATA[java.lang.AssertionError: Wheel set page not found
at bmw_methodlib.MethodLibrary.testBRIPackageServices(MethodLibrary.java:2257)
at bmw_scripts.BMWModule5TestBRIServices.testBRIServices(BMWModule5TestBRIServices.java:35)
... Removed 26 stack frames]]>
    </failure>
  </testcase> <!-- testBRIServices -->
</testsuite> <!-- ServicesTest -->
