<?xml version="1.0" encoding="UTF-8"?>
<!-- Generated by org.testng.reporters.JUnitXMLReporter -->
<testsuite hostname="DESKTOP-5CII570" ignored="0" name="Module1Test" tests="10" failures="1" timestamp="25 Apr 2020 06:30:51 GMT" time="418.631" errors="0">
  <testcase name="Dealer_Locator_Logo_Checking" time="29.714" classname="bmw_scripts.BMWModule1DealerLocatorCheckTC_005"/>
  <testcase name="Test_Drive_Logo_Checking" time="15.858" classname="bmw_scripts.BMWModule1TestDriveLogoCheckTC_006"/>
  <testcase name="Series_Checking" time="10.878" classname="bmw_scripts.BMWModule1SeriesCheckTC_007"/>
  <testcase name="Outer_Link_Verification" time="16.811" classname="bmw_scripts.BMWModule1OuterLinkCheckTC_010">
    <failure type="org.openqa.selenium.NoSuchElementException" message="no such element: Unable to locate element: {&amp;quot;method&amp;quot;:&amp;quot;link text&amp;quot;,&amp;quot;selector&amp;quot;:&amp;quot;Request a Test Drive&amp;quot;}
  (Session info: chrome=81.0.4044.122)
For documentation on this error, please visit: https://www.seleniumhq.org/exceptions/no_such_element.html
Build info: version: &amp;apos;3.141.59&amp;apos;, revision: &amp;apos;e82be7d358&amp;apos;, time: &amp;apos;2018-11-14T08:17:03&amp;apos;
System info: host: &amp;apos;DESKTOP-5CII570&amp;apos;, ip: &amp;apos;192.168.18.249&amp;apos;, os.name: &amp;apos;Windows 10&amp;apos;, os.arch: &amp;apos;amd64&amp;apos;, os.version: &amp;apos;10.0&amp;apos;, java.version: &amp;apos;1.8.0_241&amp;apos;
Driver info: org.openqa.selenium.chrome.ChromeDriver
Capabilities {acceptInsecureCerts: false, browserName: chrome, browserVersion: 81.0.4044.122, chrome: {chromedriverVersion: 80.0.3987.106 (f68069574609..., userDataDir: C:\Users\shivam\AppData\Loc...}, goog:chromeOptions: {debuggerAddress: localhost:59633}, javascriptEnabled: true, networkConnectionEnabled: false, pageLoadStrategy: normal, platform: WINDOWS, platformName: WINDOWS, proxy: Proxy(), setWindowRect: true, strictFileInteractability: false, timeouts: {implicit: 0, pageLoad: 300000, script: 30000}, unhandledPromptBehavior: dismiss and notify}
Session ID: 7e69c1927484cba15f762b5be787b2c8
*** Element info: {Using=link text, value=Request a Test Drive}">
      <![CDATA[org.openqa.selenium.NoSuchElementException: no such element: Unable to locate element: {"method":"link text","selector":"Request a Test Drive"}
  (Session info: chrome=81.0.4044.122)
For documentation on this error, please visit: https://www.seleniumhq.org/exceptions/no_such_element.html
Build info: version: '3.141.59', revision: 'e82be7d358', time: '2018-11-14T08:17:03'
System info: host: 'DESKTOP-5CII570', ip: '192.168.18.249', os.name: 'Windows 10', os.arch: 'amd64', os.version: '10.0', java.version: '1.8.0_241'
Driver info: org.openqa.selenium.chrome.ChromeDriver
Capabilities {acceptInsecureCerts: false, browserName: chrome, browserVersion: 81.0.4044.122, chrome: {chromedriverVersion: 80.0.3987.106 (f68069574609..., userDataDir: C:\Users\shivam\AppData\Loc...}, goog:chromeOptions: {debuggerAddress: localhost:59633}, javascriptEnabled: true, networkConnectionEnabled: false, pageLoadStrategy: normal, platform: WINDOWS, platformName: WINDOWS, proxy: Proxy(), setWindowRect: true, strictFileInteractability: false, timeouts: {implicit: 0, pageLoad: 300000, script: 30000}, unhandledPromptBehavior: dismiss and notify}
Session ID: 7e69c1927484cba15f762b5be787b2c8
*** Element info: {Using=link text, value=Request a Test Drive}
at org.openqa.selenium.remote.http.W3CHttpResponseCodec.createException(W3CHttpResponseCodec.java:187)
at org.openqa.selenium.remote.http.W3CHttpResponseCodec.decode(W3CHttpResponseCodec.java:122)
at org.openqa.selenium.remote.http.W3CHttpResponseCodec.decode(W3CHttpResponseCodec.java:49)
at org.openqa.selenium.remote.HttpCommandExecutor.execute(HttpCommandExecutor.java:158)
at org.openqa.selenium.remote.service.DriverCommandExecutor.execute(DriverCommandExecutor.java:83)
at org.openqa.selenium.remote.RemoteWebDriver.execute(RemoteWebDriver.java:552)
at org.openqa.selenium.remote.RemoteWebDriver.findElement(RemoteWebDriver.java:323)
at org.openqa.selenium.remote.RemoteWebDriver.findElementByLinkText(RemoteWebDriver.java:380)
at org.openqa.selenium.By$ByLinkText.findElement(By.java:220)
at org.openqa.selenium.remote.RemoteWebDriver.findElement(RemoteWebDriver.java:315)
at org.openqa.selenium.support.pagefactory.DefaultElementLocator.findElement(DefaultElementLocator.java:69)
at org.openqa.selenium.support.pagefactory.internal.LocatingElementHandler.invoke(LocatingElementHandler.java:38)
at com.sun.proxy.$Proxy25.click(Unknown Source)
at bmw_methodlib.MethodLibrary.Outer_link_Check_Module_TC0010(MethodLibrary.java:306)
at bmw_scripts.BMWModule1OuterLinkCheckTC_010.Outer_Link_Verification(BMWModule1OuterLinkCheckTC_010.java:33)
... Removed 29 stack frames]]>
    </failure>
  </testcase> <!-- Outer_Link_Verification -->
  <testcase name="BMW_Invoke_Correct_Application" time="0.077" classname="bmw_scripts.BMWModule1InvokeBrowserTC_001"/>
  <testcase name="Four_header_Options" time="8.629" classname="bmw_scripts.BMWModule1FourHeaderOptionTC_002"/>
  <testcase name="BodyType_Checking" time="10.686" classname="bmw_scripts.BMWModule1BodyTypeTestTC_008"/>
  <testcase name="Image_Presence_Check" time="3.81" classname="bmw_scripts.BMWModule1ImageCheckTC_009"/>
  <testcase name="BMW_Logo_Checking" time="9.5" classname="bmw_scripts.BMWModule1BMWLogoCheckTC_004"/>
  <testcase name="Image_Slider_Check" time="11.759" classname="bmw_scripts.BMWModule1ImageSliderCheckTC_003"/>
</testsuite> <!-- Module1Test -->
