<html>
<head>
<title>TestNG:  Module1Test</title>
<link href="../testng.css" rel="stylesheet" type="text/css" />
<link href="../my-testng.css" rel="stylesheet" type="text/css" />

<style type="text/css">
.log { display: none;} 
.stack-trace { display: none;} 
</style>
<script type="text/javascript">
<!--
function flip(e) {
  current = e.style.display;
  if (current == 'block') {
    e.style.display = 'none';
    return 0;
  }
  else {
    e.style.display = 'block';
    return 1;
  }
}

function toggleBox(szDivId, elem, msg1, msg2)
{
  var res = -1;  if (document.getElementById) {
    res = flip(document.getElementById(szDivId));
  }
  else if (document.all) {
    // this is the way old msie versions work
    res = flip(document.all[szDivId]);
  }
  if(elem) {
    if(res == 0) elem.innerHTML = msg1; else elem.innerHTML = msg2;
  }

}

function toggleAllBoxes() {
  if (document.getElementsByTagName) {
    d = document.getElementsByTagName('div');
    for (i = 0; i < d.length; i++) {
      if (d[i].className == 'log') {
        flip(d[i]);
      }
    }
  }
}

// -->
</script>

</head>
<body>
<h2 align='center'>Module1Test</h2><table border='1' align="center">
<tr>
<td>Tests passed/Failed/Skipped:</td><td>9/1/0</td>
</tr><tr>
<td>Started on:</td><td>Sat Apr 25 11:53:52 IST 2020</td>
</tr>
<tr><td>Total time:</td><td>418 seconds (418631 ms)</td>
</tr><tr>
<td>Included groups:</td><td></td>
</tr><tr>
<td>Excluded groups:</td><td></td>
</tr>
</table><p/>
<small><i>(Hover the method name to see the test class name)</i></small><p/>
<table width='100%' border='1' class='invocation-failed'>
<tr><td colspan='4' align='center'><b>FAILED TESTS</b></td></tr>
<tr><td><b>Test method</b></td>
<td width="30%"><b>Exception</b></td>
<td width="10%"><b>Time (seconds)</b></td>
<td><b>Instance</b></td>
</tr>
<tr>
<td title='bmw_scripts.BMWModule1OuterLinkCheckTC_010.Outer_Link_Verification()'><b>Outer_Link_Verification</b><br>Test class: bmw_scripts.BMWModule1OuterLinkCheckTC_010</td>
<td><div><pre>org.openqa.selenium.NoSuchElementException: no such element: Unable to locate element: {&quot;method&quot;:&quot;link text&quot;,&quot;selector&quot;:&quot;Request a Test Drive&quot;}
  (Session info: chrome=81.0.4044.122)
For documentation on this error, please visit: https://www.seleniumhq.org/exceptions/no_such_element.html
Build info: version: &apos;3.141.59&apos;, revision: &apos;e82be7d358&apos;, time: &apos;2018-11-14T08:17:03&apos;
System info: host: &apos;DESKTOP-5CII570&apos;, ip: &apos;192.168.18.249&apos;, os.name: &apos;Windows 10&apos;, os.arch: &apos;amd64&apos;, os.version: &apos;10.0&apos;, java.version: &apos;1.8.0_241&apos;
Driver info: org.openqa.selenium.chrome.ChromeDriver
Capabilities {acceptInsecureCerts: false, browserName: chrome, browserVersion: 81.0.4044.122, chrome: {chromedriverVersion: 80.0.3987.106 (f68069574609..., userDataDir: C:\Users\shivam\AppData\Loc...}, goog:chromeOptions: {debuggerAddress: localhost:59633}, javascriptEnabled: true, networkConnectionEnabled: false, pageLoadStrategy: normal, platform: WINDOWS, platformName: WINDOWS, proxy: Proxy(), setWindowRect: true, strictFileInteractability: false, timeouts: {implicit: 0, pageLoad: 300000, script: 30000}, unhandledPromptBehavior: dismiss and notify}
Session ID: 7e69c1927484cba15f762b5be787b2c8
*** Element info: {Using=link text, value=Request a Test Drive}
	at org.openqa.selenium.remote.http.W3CHttpResponseCodec.createException(W3CHttpResponseCodec.java:187)
	at org.openqa.selenium.remote.http.W3CHttpResponseCodec.decode(W3CHttpResponseCodec.java:122)
	at org.openqa.selenium.remote.http.W3CHttpResponseCodec.decode(W3CHttpResponseCodec.java:49)
	at org.openqa.selenium.remote.HttpCommandExecutor.execute(HttpCommandExecutor.java:158)
	at org.openqa.selenium.remote.service.DriverCommandExecutor.execute(DriverCommandExecutor.java:83)
	at org.openqa.selenium.remote.RemoteWebDriver.execute(RemoteWebDriver.java:552)
	at org.openqa.selenium.remote.RemoteWebDriver.findElement(RemoteWebDriver.java:323)
	at org.openqa.selenium.remote.RemoteWebDriver.findElementByLinkText(RemoteWebDriver.java:380)
	at org.openqa.selenium.By$ByLinkText.findElement(By.java:220)
	at org.openqa.selenium.remote.RemoteWebDriver.findElement(RemoteWebDriver.java:315)
	at org.openqa.selenium.support.pagefactory.DefaultElementLocator.findElement(DefaultElementLocator.java:69)
	at org.openqa.selenium.support.pagefactory.internal.LocatingElementHandler.invoke(LocatingElementHandler.java:38)
	at com.sun.proxy.$Proxy25.click(Unknown Source)
	at bmw_methodlib.MethodLibrary.Outer_link_Check_Module_TC0010(MethodLibrary.java:306)
	at bmw_scripts.BMWModule1OuterLinkCheckTC_010.Outer_Link_Verification(BMWModule1OuterLinkCheckTC_010.java:33)
... Removed 29 stack frames</pre></div><a href='#' onClick='toggleBox("stack-trace1926027290", this, "Click to show all stack frames", "Click to hide stack frames")'>Click to show all stack frames</a>
<div class='stack-trace' id='stack-trace1926027290'><pre>org.openqa.selenium.NoSuchElementException: no such element: Unable to locate element: {&quot;method&quot;:&quot;link text&quot;,&quot;selector&quot;:&quot;Request a Test Drive&quot;}
  (Session info: chrome=81.0.4044.122)
For documentation on this error, please visit: https://www.seleniumhq.org/exceptions/no_such_element.html
Build info: version: &apos;3.141.59&apos;, revision: &apos;e82be7d358&apos;, time: &apos;2018-11-14T08:17:03&apos;
System info: host: &apos;DESKTOP-5CII570&apos;, ip: &apos;192.168.18.249&apos;, os.name: &apos;Windows 10&apos;, os.arch: &apos;amd64&apos;, os.version: &apos;10.0&apos;, java.version: &apos;1.8.0_241&apos;
Driver info: org.openqa.selenium.chrome.ChromeDriver
Capabilities {acceptInsecureCerts: false, browserName: chrome, browserVersion: 81.0.4044.122, chrome: {chromedriverVersion: 80.0.3987.106 (f68069574609..., userDataDir: C:\Users\shivam\AppData\Loc...}, goog:chromeOptions: {debuggerAddress: localhost:59633}, javascriptEnabled: true, networkConnectionEnabled: false, pageLoadStrategy: normal, platform: WINDOWS, platformName: WINDOWS, proxy: Proxy(), setWindowRect: true, strictFileInteractability: false, timeouts: {implicit: 0, pageLoad: 300000, script: 30000}, unhandledPromptBehavior: dismiss and notify}
Session ID: 7e69c1927484cba15f762b5be787b2c8
*** Element info: {Using=link text, value=Request a Test Drive}
	at sun.reflect.NativeConstructorAccessorImpl.newInstance0(Native Method)
	at sun.reflect.NativeConstructorAccessorImpl.newInstance(Unknown Source)
	at sun.reflect.DelegatingConstructorAccessorImpl.newInstance(Unknown Source)
	at java.lang.reflect.Constructor.newInstance(Unknown Source)
	at org.openqa.selenium.remote.http.W3CHttpResponseCodec.createException(W3CHttpResponseCodec.java:187)
	at org.openqa.selenium.remote.http.W3CHttpResponseCodec.decode(W3CHttpResponseCodec.java:122)
	at org.openqa.selenium.remote.http.W3CHttpResponseCodec.decode(W3CHttpResponseCodec.java:49)
	at org.openqa.selenium.remote.HttpCommandExecutor.execute(HttpCommandExecutor.java:158)
	at org.openqa.selenium.remote.service.DriverCommandExecutor.execute(DriverCommandExecutor.java:83)
	at org.openqa.selenium.remote.RemoteWebDriver.execute(RemoteWebDriver.java:552)
	at org.openqa.selenium.remote.RemoteWebDriver.findElement(RemoteWebDriver.java:323)
	at org.openqa.selenium.remote.RemoteWebDriver.findElementByLinkText(RemoteWebDriver.java:380)
	at org.openqa.selenium.By$ByLinkText.findElement(By.java:220)
	at org.openqa.selenium.remote.RemoteWebDriver.findElement(RemoteWebDriver.java:315)
	at org.openqa.selenium.support.pagefactory.DefaultElementLocator.findElement(DefaultElementLocator.java:69)
	at org.openqa.selenium.support.pagefactory.internal.LocatingElementHandler.invoke(LocatingElementHandler.java:38)
	at com.sun.proxy.$Proxy25.click(Unknown Source)
	at bmw_methodlib.MethodLibrary.Outer_link_Check_Module_TC0010(MethodLibrary.java:306)
	at bmw_scripts.BMWModule1OuterLinkCheckTC_010.Outer_Link_Verification(BMWModule1OuterLinkCheckTC_010.java:33)
	at sun.reflect.NativeMethodAccessorImpl.invoke0(Native Method)
	at sun.reflect.NativeMethodAccessorImpl.invoke(Unknown Source)
	at sun.reflect.DelegatingMethodAccessorImpl.invoke(Unknown Source)
	at java.lang.reflect.Method.invoke(Unknown Source)
	at org.testng.internal.MethodInvocationHelper.invokeMethod(MethodInvocationHelper.java:124)
	at org.testng.internal.Invoker.invokeMethod(Invoker.java:583)
	at org.testng.internal.Invoker.invokeTestMethod(Invoker.java:719)
	at org.testng.internal.Invoker.invokeTestMethods(Invoker.java:989)
	at org.testng.internal.TestMethodWorker.invokeTestMethods(TestMethodWorker.java:125)
	at org.testng.internal.TestMethodWorker.run(TestMethodWorker.java:109)
	at org.testng.TestRunner.privateRun(TestRunner.java:648)
	at org.testng.TestRunner.run(TestRunner.java:505)
	at org.testng.SuiteRunner.runTest(SuiteRunner.java:455)
	at org.testng.SuiteRunner.runSequentially(SuiteRunner.java:450)
	at org.testng.SuiteRunner.privateRun(SuiteRunner.java:415)
	at org.testng.SuiteRunner.run(SuiteRunner.java:364)
	at org.testng.SuiteRunnerWorker.runSuite(SuiteRunnerWorker.java:52)
	at org.testng.SuiteRunnerWorker.run(SuiteRunnerWorker.java:84)
	at org.testng.TestNG.runSuitesSequentially(TestNG.java:1208)
	at org.testng.TestNG.runSuitesLocally(TestNG.java:1137)
	at org.testng.TestNG.runSuites(TestNG.java:1049)
	at org.testng.TestNG.run(TestNG.java:1017)
	at org.testng.remote.AbstractRemoteTestNG.run(AbstractRemoteTestNG.java:115)
	at org.testng.remote.RemoteTestNG.initAndRun(RemoteTestNG.java:251)
	at org.testng.remote.RemoteTestNG.main(RemoteTestNG.java:77)
</pre></div></td>
<td>16</td>
<td>bmw_scripts.BMWModule1OuterLinkCheckTC_010@67d48005</td></tr>
</table><p>
<table width='100%' border='1' class='invocation-passed'>
<tr><td colspan='4' align='center'><b>PASSED TESTS</b></td></tr>
<tr><td><b>Test method</b></td>
<td width="30%"><b>Exception</b></td>
<td width="10%"><b>Time (seconds)</b></td>
<td><b>Instance</b></td>
</tr>
<tr>
<td title='bmw_scripts.BMWModule1InvokeBrowserTC_001.BMW_Invoke_Correct_Application()'><b>BMW_Invoke_Correct_Application</b><br>Test class: bmw_scripts.BMWModule1InvokeBrowserTC_001</td>
<td></td>
<td>0</td>
<td>bmw_scripts.BMWModule1InvokeBrowserTC_001@9f116cc</td></tr>
<tr>
<td title='bmw_scripts.BMWModule1BMWLogoCheckTC_004.BMW_Logo_Checking()'><b>BMW_Logo_Checking</b><br>Test class: bmw_scripts.BMWModule1BMWLogoCheckTC_004</td>
<td></td>
<td>9</td>
<td>bmw_scripts.BMWModule1BMWLogoCheckTC_004@5876a9af</td></tr>
<tr>
<td title='bmw_scripts.BMWModule1BodyTypeTestTC_008.BodyType_Checking()'><b>BodyType_Checking</b><br>Test class: bmw_scripts.BMWModule1BodyTypeTestTC_008</td>
<td></td>
<td>10</td>
<td>bmw_scripts.BMWModule1BodyTypeTestTC_008@1aa7ecca</td></tr>
<tr>
<td title='bmw_scripts.BMWModule1DealerLocatorCheckTC_005.Dealer_Locator_Logo_Checking()'><b>Dealer_Locator_Logo_Checking</b><br>Test class: bmw_scripts.BMWModule1DealerLocatorCheckTC_005</td>
<td></td>
<td>29</td>
<td>bmw_scripts.BMWModule1DealerLocatorCheckTC_005@4cc451f2</td></tr>
<tr>
<td title='bmw_scripts.BMWModule1FourHeaderOptionTC_002.Four_header_Options()'><b>Four_header_Options</b><br>Test class: bmw_scripts.BMWModule1FourHeaderOptionTC_002</td>
<td></td>
<td>8</td>
<td>bmw_scripts.BMWModule1FourHeaderOptionTC_002@12468a38</td></tr>
<tr>
<td title='bmw_scripts.BMWModule1ImageCheckTC_009.Image_Presence_Check()'><b>Image_Presence_Check</b><br>Test class: bmw_scripts.BMWModule1ImageCheckTC_009</td>
<td></td>
<td>3</td>
<td>bmw_scripts.BMWModule1ImageCheckTC_009@59309333</td></tr>
<tr>
<td title='bmw_scripts.BMWModule1ImageSliderCheckTC_003.Image_Slider_Check()'><b>Image_Slider_Check</b><br>Test class: bmw_scripts.BMWModule1ImageSliderCheckTC_003</td>
<td></td>
<td>11</td>
<td>bmw_scripts.BMWModule1ImageSliderCheckTC_003@7ec7ffd3</td></tr>
<tr>
<td title='bmw_scripts.BMWModule1SeriesCheckTC_007.Series_Checking()'><b>Series_Checking</b><br>Test class: bmw_scripts.BMWModule1SeriesCheckTC_007</td>
<td></td>
<td>10</td>
<td>bmw_scripts.BMWModule1SeriesCheckTC_007@294425a7</td></tr>
<tr>
<td title='bmw_scripts.BMWModule1TestDriveLogoCheckTC_006.Test_Drive_Logo_Checking()'><b>Test_Drive_Logo_Checking</b><br>Test class: bmw_scripts.BMWModule1TestDriveLogoCheckTC_006</td>
<td></td>
<td>15</td>
<td>bmw_scripts.BMWModule1TestDriveLogoCheckTC_006@6379eb</td></tr>
</table><p>
</body>
</html>