<?xml version="1.0" encoding="UTF-8"?>
<!-- Generated by org.testng.reporters.JUnitXMLReporter -->
<testsuite hostname="Sarthak" ignored="0" name="ServicesTest(failed)" tests="4" failures="3" timestamp="21 Apr 2020 05:51:14 GMT" time="372.426" errors="0">
  <testcase name="testCheckBoxValidation" time="89.632" classname="bmw_scripts.BMWModule5TestCheckBoxValidation">
    <failure type="java.lang.AssertionError" message="Assert failed for the joy rewards check box expected [true] but found [false]">
      <![CDATA[java.lang.AssertionError: Assert failed for the joy rewards check box expected [true] but found [false]
at bmw_methodlib.MethodLibrary.getAssert(MethodLibrary.java:691)
at bmw_methodlib.MethodLibrary.getcheckBoxValidation(MethodLibrary.java:428)
at bmw_scripts.BMWModule5TestCheckBoxValidation.testCheckBoxValidation(BMWModule5TestCheckBoxValidation.java:35)
... Removed 28 stack frames]]>
    </failure>
  </testcase> <!-- testCheckBoxValidation -->
  <testcase name="testBRIServices" time="24.699" classname="bmw_scripts.BMWModule5TestBRIServices">
    <failure type="java.lang.AssertionError" message="Wheel set page not found">
      <![CDATA[java.lang.AssertionError: Wheel set page not found
at bmw_methodlib.MethodLibrary.testBRIPackageServices(MethodLibrary.java:675)
at bmw_scripts.BMWModule5TestBRIServices.testBRIServices(BMWModule5TestBRIServices.java:35)
... Removed 26 stack frames]]>
    </failure>
  </testcase> <!-- testBRIServices -->
  <testcase name="testServicesTabs" time="81.745" classname="bmw_scripts.BMWModule5TestAllLinks">
    <failure type="org.openqa.selenium.NoSuchElementException" message="no such element: Unable to locate element: {&amp;quot;method&amp;quot;:&amp;quot;link text&amp;quot;,&amp;quot;selector&amp;quot;:&amp;quot;BMW Collection&amp;quot;}
  (Session info: chrome=80.0.3987.163)
For documentation on this error, please visit: https://www.seleniumhq.org/exceptions/no_such_element.html
Build info: version: &amp;apos;3.141.59&amp;apos;, revision: &amp;apos;e82be7d358&amp;apos;, time: &amp;apos;2018-11-14T08:17:03&amp;apos;
System info: host: &amp;apos;SARTHAK&amp;apos;, ip: &amp;apos;192.168.0.101&amp;apos;, os.name: &amp;apos;Windows 10&amp;apos;, os.arch: &amp;apos;amd64&amp;apos;, os.version: &amp;apos;10.0&amp;apos;, java.version: &amp;apos;1.8.0_91&amp;apos;
Driver info: org.openqa.selenium.chrome.ChromeDriver
Capabilities {acceptInsecureCerts: false, browserName: chrome, browserVersion: 80.0.3987.163, chrome: {chromedriverVersion: 80.0.3987.106 (f68069574609..., userDataDir: C:\Users\SARTHA~1\AppData\L...}, goog:chromeOptions: {debuggerAddress: localhost:60999}, javascriptEnabled: true, networkConnectionEnabled: false, pageLoadStrategy: normal, platform: WINDOWS, platformName: WINDOWS, proxy: Proxy(), setWindowRect: true, strictFileInteractability: false, timeouts: {implicit: 0, pageLoad: 300000, script: 30000}, unhandledPromptBehavior: dismiss and notify}
Session ID: 9ba74cd810702b4beb9366a38ccc04d9
*** Element info: {Using=link text, value=BMW Collection}">
      <![CDATA[org.openqa.selenium.NoSuchElementException: no such element: Unable to locate element: {"method":"link text","selector":"BMW Collection"}
  (Session info: chrome=80.0.3987.163)
For documentation on this error, please visit: https://www.seleniumhq.org/exceptions/no_such_element.html
Build info: version: '3.141.59', revision: 'e82be7d358', time: '2018-11-14T08:17:03'
System info: host: 'SARTHAK', ip: '192.168.0.101', os.name: 'Windows 10', os.arch: 'amd64', os.version: '10.0', java.version: '1.8.0_91'
Driver info: org.openqa.selenium.chrome.ChromeDriver
Capabilities {acceptInsecureCerts: false, browserName: chrome, browserVersion: 80.0.3987.163, chrome: {chromedriverVersion: 80.0.3987.106 (f68069574609..., userDataDir: C:\Users\SARTHA~1\AppData\L...}, goog:chromeOptions: {debuggerAddress: localhost:60999}, javascriptEnabled: true, networkConnectionEnabled: false, pageLoadStrategy: normal, platform: WINDOWS, platformName: WINDOWS, proxy: Proxy(), setWindowRect: true, strictFileInteractability: false, timeouts: {implicit: 0, pageLoad: 300000, script: 30000}, unhandledPromptBehavior: dismiss and notify}
Session ID: 9ba74cd810702b4beb9366a38ccc04d9
*** Element info: {Using=link text, value=BMW Collection}
at org.openqa.selenium.remote.http.W3CHttpResponseCodec.createException(W3CHttpResponseCodec.java:187)
at org.openqa.selenium.remote.http.W3CHttpResponseCodec.decode(W3CHttpResponseCodec.java:122)
at org.openqa.selenium.remote.http.W3CHttpResponseCodec.decode(W3CHttpResponseCodec.java:49)
at org.openqa.selenium.remote.HttpCommandExecutor.execute(HttpCommandExecutor.java:158)
at org.openqa.selenium.remote.service.DriverCommandExecutor.execute(DriverCommandExecutor.java:83)
at org.openqa.selenium.remote.RemoteWebDriver.execute(RemoteWebDriver.java:552)
at org.openqa.selenium.remote.RemoteWebDriver.findElement(RemoteWebDriver.java:323)
at org.openqa.selenium.remote.RemoteWebDriver.findElementByLinkText(RemoteWebDriver.java:380)
at org.openqa.selenium.By$ByLinkText.findElement(By.java:220)
at org.openqa.selenium.remote.RemoteWebDriver.findElement(RemoteWebDriver.java:315)
at org.openqa.selenium.support.pagefactory.DefaultElementLocator.findElement(DefaultElementLocator.java:69)
at org.openqa.selenium.support.pagefactory.internal.LocatingElementHandler.invoke(LocatingElementHandler.java:38)
at com.sun.proxy.$Proxy25.isEnabled(Unknown Source)
at bmw_methodlib.MethodLibrary.testBMWLifeStyle(MethodLibrary.java:117)
at bmw_scripts.BMWModule5TestAllLinks.testServicesTabs(BMWModule5TestAllLinks.java:41)
... Removed 29 stack frames]]>
    </failure>
  </testcase> <!-- testServicesTabs -->
  <testcase name="testNullValueValidation" time="85.677" classname="bmw_scripts.BMWModule5TestNullValueValidation"/>
</testsuite> <!-- ServicesTest(failed) -->
