<?xml version="1.0" encoding="UTF-8"?>
<!-- Generated by org.testng.reporters.JUnitXMLReporter -->
<testsuite hostname="DESKTOP-5CII570" ignored="0" name="ServicesTest" tests="11" failures="2" timestamp="25 Apr 2020 07:05:53 GMT" time="797.028" errors="0">
  <testcase name="testServicesTabs" time="178.296" classname="bmw_scripts.BMWModule5TestAllLinks"/>
  <testcase name="testLifestyleAndGadgets" time="32.003" classname="bmw_scripts.BMWModule5TestLifeStyleAndGadgets"/>
  <testcase name="testJoyRewardsLink" time="8.785" classname="bmw_scripts.BMWModule5TestJoyRewardsLink"/>
  <testcase name="testCheckBoxValidation" time="30.111" classname="bmw_scripts.BMWModule5TestCheckBoxValidation">
    <failure type="java.lang.AssertionError" message="Assert failed for the joy rewards check box expected [true] but found [false]">
      <![CDATA[java.lang.AssertionError: Assert failed for the joy rewards check box expected [true] but found [false]
at bmw_methodlib.MethodLibrary.getAssert(MethodLibrary.java:2902)
at bmw_methodlib.MethodLibrary.getcheckBoxValidation(MethodLibrary.java:2025)
at bmw_scripts.BMWModule5TestCheckBoxValidation.testCheckBoxValidation(BMWModule5TestCheckBoxValidation.java:35)
... Removed 28 stack frames]]>
    </failure>
  </testcase> <!-- testCheckBoxValidation -->
  <testcase name="testCarCareProducts" time="53.604" classname="bmw_scripts.BMWModule5TestCarCareProducts"/>
  <testcase name="testBRIPackageInvalidValue" time="13.312" classname="bmw_scripts.BMWModule5TestBRiInvalidValue"/>
  <testcase name="testBRIServices" time="22.922" classname="bmw_scripts.BMWModule5TestBRIServices">
    <failure type="java.lang.AssertionError" message="Wheel set page not found">
      <![CDATA[java.lang.AssertionError: Wheel set page not found
at bmw_methodlib.MethodLibrary.testBRIPackageServices(MethodLibrary.java:2272)
at bmw_scripts.BMWModule5TestBRIServices.testBRIServices(BMWModule5TestBRIServices.java:35)
... Removed 26 stack frames]]>
    </failure>
  </testcase> <!-- testBRIServices -->
  <testcase name="testRewardsRegistrationPages" time="29.587" classname="bmw_scripts.BMWModule5TestRewardsRegistrationPage"/>
  <testcase name="testNullValueValidation" time="39.521" classname="bmw_scripts.BMWModule5TestNullValueValidation"/>
  <testcase name="testBRIPackageNullValue" time="21.85" classname="bmw_scripts.BMWModule5TestBRINullValue"/>
  <testcase name="testMandatoryFieldValidation" time="81.003" classname="bmw_scripts.BMWModule5TestMandatoryFieldValidation"/>
</testsuite> <!-- ServicesTest -->
